[debug] [2025-05-20T09:19:01.996Z] ----------------------------------------------------------------------
[debug] [2025-05-20T09:19:01.999Z] Command:       C:\Program Files\nodejs\node.exe C:\Users\Moussa Dembele\AppData\Roaming\npm\node_modules\firebase-tools\lib\bin\firebase.js init
[debug] [2025-05-20T09:19:01.999Z] CLI Version:   14.2.2
[debug] [2025-05-20T09:19:02.000Z] Platform:      win32
[debug] [2025-05-20T09:19:02.000Z] Node Version:  v22.14.0
[debug] [2025-05-20T09:19:02.000Z] Time:          Tue May 20 2025 14:49:02 GMT+0530 (India Standard Time)
[debug] [2025-05-20T09:19:02.000Z] ----------------------------------------------------------------------
[debug] 
[debug] [2025-05-20T09:19:02.006Z] > command requires scopes: ["email","openid","https://www.googleapis.com/auth/cloudplatformprojects.readonly","https://www.googleapis.com/auth/firebase","https://www.googleapis.com/auth/cloud-platform"]
[debug] [2025-05-20T09:19:02.006Z] > authorizing via signed-in user (n1964737@gmail.com)
[info] 
     ######## #### ########  ######## ########     ###     ######  ########
     ##        ##  ##     ## ##       ##     ##  ##   ##  ##       ##
     ######    ##  ########  ######   ########  #########  ######  ######
     ##        ##  ##    ##  ##       ##     ## ##     ##       ## ##
     ##       #### ##     ## ######## ########  ##     ##  ######  ########

You're about to initialize a Firebase project in this directory:

  C:\Users\Moussa Dembele\Downloads\fgvej-website (7)

[info] 
=== Project Setup
[info] 
[info] First, let's associate this project directory with a Firebase project.
[info] You can create multiple project aliases by running firebase use --add, 
[info] but for now we'll just set up a default project.
[info] 
[debug] [2025-05-20T09:23:04.926Z] Checked if tokens are valid: false, expires at: 1746194187543
[debug] [2025-05-20T09:23:04.926Z] Checked if tokens are valid: false, expires at: 1746194187543
[debug] [2025-05-20T09:23:04.926Z] > refreshing access token with scopes: []
[debug] [2025-05-20T09:23:04.929Z] >>> [apiv2][query] POST https://www.googleapis.com/oauth2/v3/token [none]
[debug] [2025-05-20T09:23:04.929Z] >>> [apiv2][body] POST https://www.googleapis.com/oauth2/v3/token [omitted]
[debug] [2025-05-20T09:23:09.461Z] <<< [apiv2][status] POST https://www.googleapis.com/oauth2/v3/token 200
[debug] [2025-05-20T09:23:09.461Z] <<< [apiv2][body] POST https://www.googleapis.com/oauth2/v3/token [omitted]
[debug] [2025-05-20T09:23:09.468Z] >>> [apiv2][query] GET https://firebase.googleapis.com/v1beta1/projects pageSize=100
[debug] [2025-05-20T09:23:09.958Z] <<< [apiv2][status] GET https://firebase.googleapis.com/v1beta1/projects 200
[debug] [2025-05-20T09:23:09.958Z] <<< [apiv2][body] GET https://firebase.googleapis.com/v1beta1/projects [omitted]
[info] i  Using project fgev-23d74 (Fgev) 
[info] 
=== Dataconnect Setup
[debug] [2025-05-20T09:23:43.003Z] Checked if tokens are valid: true, expires at: 1747736588461
[debug] [2025-05-20T09:23:43.003Z] Checked if tokens are valid: true, expires at: 1747736588461
[debug] [2025-05-20T09:23:43.004Z] >>> [apiv2][query] GET https://cloudbilling.googleapis.com/v1/projects/fgev-23d74/billingInfo [none]
[debug] [2025-05-20T09:23:44.555Z] <<< [apiv2][status] GET https://cloudbilling.googleapis.com/v1/projects/fgev-23d74/billingInfo 200
[debug] [2025-05-20T09:23:44.555Z] <<< [apiv2][body] GET https://cloudbilling.googleapis.com/v1/projects/fgev-23d74/billingInfo {"name":"projects/fgev-23d74/billingInfo","projectId":"fgev-23d74","billingAccountName":"","billingEnabled":false}
[info] i  dataconnect: ensuring required API sqladmin.googleapis.com is enabled... 
[debug] [2025-05-20T09:23:44.556Z] Checked if tokens are valid: true, expires at: 1747736588461
[debug] [2025-05-20T09:23:44.556Z] Checked if tokens are valid: true, expires at: 1747736588461
[debug] [2025-05-20T09:23:44.556Z] >>> [apiv2][query] GET https://serviceusage.googleapis.com/v1/projects/fgev-23d74/services/sqladmin.googleapis.com [none]
[debug] [2025-05-20T09:23:44.556Z] >>> [apiv2][(partial)header] GET https://serviceusage.googleapis.com/v1/projects/fgev-23d74/services/sqladmin.googleapis.com x-goog-quota-user=projects/fgev-23d74
[debug] [2025-05-20T09:23:46.286Z] <<< [apiv2][status] GET https://serviceusage.googleapis.com/v1/projects/fgev-23d74/services/sqladmin.googleapis.com 200
[debug] [2025-05-20T09:23:46.286Z] <<< [apiv2][body] GET https://serviceusage.googleapis.com/v1/projects/fgev-23d74/services/sqladmin.googleapis.com [omitted]
[info] +  dataconnect: required API sqladmin.googleapis.com is enabled 
[info] i  dataconnect\dataconnect.yaml is unchanged 
[info] i  dataconnect\schema\schema.gql is unchanged 
[info] i  dataconnect\connector\connector.yaml is unchanged 
[info] i  dataconnect\connector\queries.gql is unchanged 
[info] i  dataconnect\connector\mutations.gql is unchanged 
[info] +  Detected WEB app in directory C:\Users\Moussa Dembele\Downloads\fgvej-website (7) 
[info] i  Detected react app. Enabling react generated SDKs. 
[info] i  Writing your new SDK configuration to C:\Users\Moussa Dembele\Downloads\fgvej-website (7)\dataconnect\connector/connector.yaml 
[info] i  Skipping write of dataconnect\connector\connector.yaml 
[info] i  dataconnect: downloading dataconnect-emulator-2.4.0.exe... {"metadata":{"emulator":{"name":"dataconnect"},"message":"downloading dataconnect-emulator-2.4.0.exe..."}}
[debug] [2025-05-20T09:26:10.536Z] >>> [apiv2][query] GET https://storage.googleapis.com/firemat-preview-drop/emulator/dataconnect-emulator-windows-v2.4.0 
[debug] [2025-05-20T09:26:11.107Z] <<< [apiv2][status] GET https://storage.googleapis.com/firemat-preview-drop/emulator/dataconnect-emulator-windows-v2.4.0 200
[debug] [2025-05-20T09:26:11.107Z] <<< [apiv2][body] GET https://storage.googleapis.com/firemat-preview-drop/emulator/dataconnect-emulator-windows-v2.4.0 [stream]
[debug] [2025-05-20T09:26:15.535Z] defaultcredentials: writing to file C:\Users\Moussa Dembele\AppData\Roaming\firebase\n1964737_gmail_com_application_default_credentials.json
[debug] [2025-05-20T09:26:15.544Z] Setting GAC to C:\Users\Moussa Dembele\AppData\Roaming\firebase\n1964737_gmail_com_application_default_credentials.json {"metadata":{"emulator":{"name":"dataconnect"},"message":"Setting GAC to C:\\Users\\Moussa Dembele\\AppData\\Roaming\\firebase\\n1964737_gmail_com_application_default_credentials.json"}}
[info] I0520 14:56:15.725199    8148 generate.go:40] Generated all sources. Writing them to disk...

[info] i  Generated SDK code for default 
[info] i  Visit https://firebase.google.com/docs/data-connect/web-sdk#react for more information on how to set up React Generated SDKs for Firebase Data Connect 
[info] i  Run `npm i --save @angular/fire @tanstack-query-firebase/angular @tanstack/angular-query-experimental` to install angular sdk dependencies.
Visit https://github.com/invertase/tanstack-query-firebase/tree/main/packages/angular for more information on how to set up Angular Generated SDKs for Firebase Data Connect 
[info] +  If you'd like to add more generated SDKs to your app your later, run firebase init dataconnect:sdk again 
[info] i  If you'd like to provision a CloudSQL Postgres instance on the Firebase Data Connect no-cost trial:
1. Please upgrade to the pay-as-you-go (Blaze) billing plan. Visit the following page:
     https://console.firebase.google.com/project/fgev-23d74/usage/details
2. Run firebase init dataconnect again to configure the Cloud SQL instance.
3. Run firebase deploy --only dataconnect to deploy your Data Connect service. 
[info] 
=== Firestore Setup
[debug] [2025-05-20T09:26:15.731Z] Checked if tokens are valid: true, expires at: 1747736588461
[debug] [2025-05-20T09:26:15.731Z] Checked if tokens are valid: true, expires at: 1747736588461
[debug] [2025-05-20T09:26:15.731Z] >>> [apiv2][query] GET https://serviceusage.googleapis.com/v1/projects/fgev-23d74/services/firestore.googleapis.com [none]
[debug] [2025-05-20T09:26:15.731Z] >>> [apiv2][(partial)header] GET https://serviceusage.googleapis.com/v1/projects/fgev-23d74/services/firestore.googleapis.com x-goog-quota-user=projects/fgev-23d74
[debug] [2025-05-20T09:26:17.524Z] <<< [apiv2][status] GET https://serviceusage.googleapis.com/v1/projects/fgev-23d74/services/firestore.googleapis.com 200
[debug] [2025-05-20T09:26:17.525Z] <<< [apiv2][body] GET https://serviceusage.googleapis.com/v1/projects/fgev-23d74/services/firestore.googleapis.com [omitted]
[debug] [2025-05-20T09:26:17.525Z] Checked if tokens are valid: true, expires at: 1747736588461
[debug] [2025-05-20T09:26:17.525Z] Checked if tokens are valid: true, expires at: 1747736588461
[debug] [2025-05-20T09:26:17.525Z] >>> [apiv2][query] GET https://firestore.googleapis.com/v1/projects/fgev-23d74/databases/(default) [none]
[debug] [2025-05-20T09:26:19.191Z] <<< [apiv2][status] GET https://firestore.googleapis.com/v1/projects/fgev-23d74/databases/(default) 200
[debug] [2025-05-20T09:26:19.192Z] <<< [apiv2][body] GET https://firestore.googleapis.com/v1/projects/fgev-23d74/databases/(default) {"name":"projects/fgev-23d74/databases/(default)","uid":"9fd5e9ae-33bf-460c-a093-1bff50079e2c","createTime":"2025-05-02T12:09:30.709084Z","updateTime":"2025-05-02T12:09:30.709084Z","locationId":"nam5","type":"FIRESTORE_NATIVE","concurrencyMode":"PESSIMISTIC","versionRetentionPeriod":"3600s","earliestVersionTime":"2025-05-20T08:26:15.678416Z","appEngineIntegrationMode":"DISABLED","keyPrefix":"s","pointInTimeRecoveryEnablement":"POINT_IN_TIME_RECOVERY_DISABLED","deleteProtectionState":"DELETE_PROTECTION_DISABLED","databaseEdition":"STANDARD","freeTier":true,"etag":"IP/l5LjdsY0DMNyIo67ghI0D"}
[debug] [2025-05-20T09:26:19.192Z] database_type: FIRESTORE_NATIVE
[debug] [2025-05-20T09:26:19.192Z] database_type: FIRESTORE_NATIVE
[debug] [2025-05-20T09:26:19.193Z] > command requires scopes: ["email","openid","https://www.googleapis.com/auth/cloudplatformprojects.readonly","https://www.googleapis.com/auth/firebase","https://www.googleapis.com/auth/cloud-platform"]
[debug] [2025-05-20T09:26:19.193Z] > authorizing via signed-in user (n1964737@gmail.com)
[debug] [2025-05-20T09:26:19.193Z] [iam] checking project fgev-23d74 for permissions ["firebase.projects.get"]
[debug] [2025-05-20T09:26:19.194Z] Checked if tokens are valid: true, expires at: 1747736588461
[debug] [2025-05-20T09:26:19.194Z] Checked if tokens are valid: true, expires at: 1747736588461
[debug] [2025-05-20T09:26:19.194Z] >>> [apiv2][query] POST https://cloudresourcemanager.googleapis.com/v1/projects/fgev-23d74:testIamPermissions [none]
[debug] [2025-05-20T09:26:19.194Z] >>> [apiv2][(partial)header] POST https://cloudresourcemanager.googleapis.com/v1/projects/fgev-23d74:testIamPermissions x-goog-quota-user=projects/fgev-23d74
[debug] [2025-05-20T09:26:19.194Z] >>> [apiv2][body] POST https://cloudresourcemanager.googleapis.com/v1/projects/fgev-23d74:testIamPermissions {"permissions":["firebase.projects.get"]}
[debug] [2025-05-20T09:26:20.778Z] <<< [apiv2][status] POST https://cloudresourcemanager.googleapis.com/v1/projects/fgev-23d74:testIamPermissions 200
[debug] [2025-05-20T09:26:20.778Z] <<< [apiv2][body] POST https://cloudresourcemanager.googleapis.com/v1/projects/fgev-23d74:testIamPermissions {"permissions":["firebase.projects.get"]}
[info] 
[info] Firestore Security Rules allow you to define how and when to allow
[info] requests. You can keep these rules in your project directory
[info] and publish them with firebase deploy.
[info] 
[debug] [2025-05-20T09:32:28.540Z] Checked if tokens are valid: true, expires at: 1747736588461
[debug] [2025-05-20T09:32:28.541Z] Checked if tokens are valid: true, expires at: 1747736588461
[debug] [2025-05-20T09:32:28.541Z] >>> [apiv2][query] GET https://firebaserules.googleapis.com/v1/projects/fgev-23d74/releases pageSize=10&pageToken=
[debug] [2025-05-20T09:32:29.974Z] <<< [apiv2][status] GET https://firebaserules.googleapis.com/v1/projects/fgev-23d74/releases 200
[debug] [2025-05-20T09:32:29.975Z] <<< [apiv2][body] GET https://firebaserules.googleapis.com/v1/projects/fgev-23d74/releases {"releases":[{"name":"projects/fgev-23d74/releases/cloud.firestore","rulesetName":"projects/fgev-23d74/rulesets/9025d086-95ad-4016-a8fe-290130261523","createTime":"2025-05-02T12:10:07.457334Z","updateTime":"2025-05-02T12:10:07.457334Z"}]}
[debug] [2025-05-20T09:32:29.975Z] Found ruleset: projects/fgev-23d74/rulesets/9025d086-95ad-4016-a8fe-290130261523
[debug] [2025-05-20T09:32:29.975Z] Checked if tokens are valid: true, expires at: 1747736588461
[debug] [2025-05-20T09:32:29.975Z] Checked if tokens are valid: true, expires at: 1747736588461
[debug] [2025-05-20T09:32:29.975Z] >>> [apiv2][query] GET https://firebaserules.googleapis.com/v1/projects/fgev-23d74/rulesets/9025d086-95ad-4016-a8fe-290130261523 [none]
[debug] [2025-05-20T09:32:30.371Z] <<< [apiv2][status] GET https://firebaserules.googleapis.com/v1/projects/fgev-23d74/rulesets/9025d086-95ad-4016-a8fe-290130261523 200
[debug] [2025-05-20T09:32:30.371Z] <<< [apiv2][body] GET https://firebaserules.googleapis.com/v1/projects/fgev-23d74/rulesets/9025d086-95ad-4016-a8fe-290130261523 [omitted]
[info] 
[info] Firestore indexes allow you to perform complex queries while
[info] maintaining performance that scales with the size of the result
[info] set. You can keep index definitions in your project directory
[info] and publish them with firebase deploy.
[info] 
[debug] [2025-05-20T09:32:54.385Z] Checked if tokens are valid: true, expires at: 1747736588461
[debug] [2025-05-20T09:32:54.385Z] Checked if tokens are valid: true, expires at: 1747736588461
[debug] [2025-05-20T09:32:54.385Z] Checked if tokens are valid: true, expires at: 1747736588461
[debug] [2025-05-20T09:32:54.385Z] Checked if tokens are valid: true, expires at: 1747736588461
[debug] [2025-05-20T09:32:54.385Z] >>> [apiv2][query] GET https://firestore.googleapis.com/v1/projects/fgev-23d74/databases/(default)/collectionGroups/-/indexes [none]
[debug] [2025-05-20T09:32:54.387Z] >>> [apiv2][query] GET https://firestore.googleapis.com/v1/projects/fgev-23d74/databases/(default)/collectionGroups/-/fields?filter=indexConfig.usesAncestorConfig=false OR ttlConfig:* [none]
[debug] [2025-05-20T09:32:56.015Z] <<< [apiv2][status] GET https://firestore.googleapis.com/v1/projects/fgev-23d74/databases/(default)/collectionGroups/-/indexes 200
[debug] [2025-05-20T09:32:56.015Z] <<< [apiv2][body] GET https://firestore.googleapis.com/v1/projects/fgev-23d74/databases/(default)/collectionGroups/-/indexes {}
[debug] [2025-05-20T09:32:56.276Z] <<< [apiv2][status] GET https://firestore.googleapis.com/v1/projects/fgev-23d74/databases/(default)/collectionGroups/-/fields?filter=indexConfig.usesAncestorConfig=false OR ttlConfig:* 200
[debug] [2025-05-20T09:32:56.276Z] <<< [apiv2][body] GET https://firestore.googleapis.com/v1/projects/fgev-23d74/databases/(default)/collectionGroups/-/fields?filter=indexConfig.usesAncestorConfig=false OR ttlConfig:* {"fields":[{"name":"projects/fgev-23d74/databases/(default)/collectionGroups/__default__/fields/*","indexConfig":{"indexes":[{"queryScope":"COLLECTION","fields":[{"fieldPath":"*","order":"ASCENDING"}],"state":"READY"},{"queryScope":"COLLECTION","fields":[{"fieldPath":"*","order":"DESCENDING"}],"state":"READY"},{"queryScope":"COLLECTION","fields":[{"fieldPath":"*","arrayConfig":"CONTAINS"}],"state":"READY"}]}}]}
[info] 
=== Genkit Setup
[debug] [2025-05-20T09:32:56.793Z] Error: spawn(npm, view, genkit, version)
  Stderr:
{"type":"Buffer","data":[68,101,98,117,103,103,101,114,32,108,105,115,116,101,110,105,110,103,32,111,110,32,119,115,58,47,47,49,50,55,46,48,46,48,46,49,58,53,48,54,54,57,47,49,56,52,49,101,99,56,54,45,55,97,57,56,45,52,53,57,100,45,97,51,48,55,45,101,98,97,52,48,52,52,50,52,98,53,97,13,10,70,111,114,32,104,101,108,112,44,32,115,101,101,58,32,104,116,116,112,115,58,47,47,110,111,100,101,106,115,46,111,114,103,47,101,110,47,100,111,99,115,47,105,110,115,112,101,99,116,111,114,13,10]}

[debug] [2025-05-20T09:32:56.930Z] Error: spawn(npm, view, genkit, version)
  Stderr:
{"type":"Buffer","data":[68,101,98,117,103,103,101,114,32,97,116,116,97,99,104,101,100,46,13,10]}

[debug] [2025-05-20T09:33:01.479Z] Error: spawn(npm, view, genkit, version)
  Stderr:
{"type":"Buffer","data":[87,97,105,116,105,110,103,32,102,111,114,32,116,104,101,32,100,101,98,117,103,103,101,114,32,116,111,32,100,105,115,99,111,110,110,101,99,116,46,46,46,13,10]}

[debug] [2025-05-20T09:33:01.910Z] Error: spawn(npm, view, genkit-cli, version)
  Stderr:
{"type":"Buffer","data":[68,101,98,117,103,103,101,114,32,108,105,115,116,101,110,105,110,103,32,111,110,32,119,115,58,47,47,49,50,55,46,48,46,48,46,49,58,53,48,54,55,52,47,51,97,97,99,55,53,50,101,45,102,50,100,53,45,52,55,99,97,45,56,98,98,57,45,57,55,53,51,101,56,101,53,54,49,49,102,13,10,70,111,114,32,104,101,108,112,44,32,115,101,101,58,32,104,116,116,112,115,58,47,47,110,111,100,101,106,115,46,111,114,103,47,101,110,47,100,111,99,115,47,105,110,115,112,101,99,116,111,114,13,10]}

[debug] [2025-05-20T09:33:01.978Z] Error: spawn(npm, view, genkit-cli, version)
  Stderr:
{"type":"Buffer","data":[68,101,98,117,103,103,101,114,32,97,116,116,97,99,104,101,100,46,13,10]}

[debug] [2025-05-20T09:33:04.306Z] Error: spawn(npm, view, genkit-cli, version)
  Stderr:
{"type":"Buffer","data":[87,97,105,116,105,110,103,32,102,111,114,32,116,104,101,32,100,101,98,117,103,103,101,114,32,116,111,32,100,105,115,99,111,110,110,101,99,116,46,46,46,13,10]}

[debug] [2025-05-20T09:33:04.811Z] Error: spawn(npm, view, @genkit-ai/vertexai, version)
  Stderr:
{"type":"Buffer","data":[68,101,98,117,103,103,101,114,32,108,105,115,116,101,110,105,110,103,32,111,110,32,119,115,58,47,47,49,50,55,46,48,46,48,46,49,58,53,48,54,55,56,47,98,102,100,48,49,53,102,55,45,49,100,53,97,45,52,51,52,56,45,98,49,48,99,45,55,57,98,50,53,48,51,48,97,51,53,51,13,10,70,111,114,32,104,101,108,112,44,32,115,101,101,58,32,104,116,116,112,115,58,47,47,110,111,100,101,106,115,46,111,114,103,47,101,110,47,100,111,99,115,47,105,110,115,112,101,99,116,111,114,13,10]}

[debug] [2025-05-20T09:33:04.868Z] Error: spawn(npm, view, @genkit-ai/vertexai, version)
  Stderr:
{"type":"Buffer","data":[68,101,98,117,103,103,101,114,32,97,116,116,97,99,104,101,100,46,13,10]}

[debug] [2025-05-20T09:33:08.517Z] Error: spawn(npm, view, @genkit-ai/vertexai, version)
  Stderr:
{"type":"Buffer","data":[87,97,105,116,105,110,103,32,102,111,114,32,116,104,101,32,100,101,98,117,103,103,101,114,32,116,111,32,100,105,115,99,111,110,110,101,99,116,46,46,46,13,10]}

[debug] [2025-05-20T09:33:08.921Z] Error: spawn(npm, view, @genkit-ai/googleai, version)
  Stderr:
{"type":"Buffer","data":[68,101,98,117,103,103,101,114,32,108,105,115,116,101,110,105,110,103,32,111,110,32,119,115,58,47,47,49,50,55,46,48,46,48,46,49,58,53,48,54,56,51,47,98,101,101,48,101,99,51,50,45,51,97,56,55,45,52,101,51,48,45,56,98,52,99,45,101,53,56,54,100,99,98,51,101,49,48,102,13,10,70,111,114,32,104,101,108,112,44,32,115,101,101,58,32,104,116,116,112,115,58,47,47,110,111,100,101,106,115,46,111,114,103,47,101,110,47,100,111,99,115,47,105,110,115,112,101,99,116,111,114,13,10]}

[debug] [2025-05-20T09:33:08.978Z] Error: spawn(npm, view, @genkit-ai/googleai, version)
  Stderr:
{"type":"Buffer","data":[68,101,98,117,103,103,101,114,32,97,116,116,97,99,104,101,100,46,13,10]}

[debug] [2025-05-20T09:33:12.395Z] Error: spawn(npm, view, @genkit-ai/googleai, version)
  Stderr:
{"type":"Buffer","data":[87,97,105,116,105,110,103,32,102,111,114,32,116,104,101,32,100,101,98,117,103,103,101,114,32,116,111,32,100,105,115,99,111,110,110,101,99,116,46,46,46,13,10]}

[debug] [2025-05-20T09:33:30.463Z] > command requires scopes: ["email","openid","https://www.googleapis.com/auth/cloudplatformprojects.readonly","https://www.googleapis.com/auth/firebase","https://www.googleapis.com/auth/cloud-platform"]
[debug] [2025-05-20T09:33:30.463Z] > authorizing via signed-in user (n1964737@gmail.com)
[debug] [2025-05-20T09:33:30.463Z] [iam] checking project fgev-23d74 for permissions ["firebase.projects.get"]
[debug] [2025-05-20T09:33:30.464Z] Checked if tokens are valid: true, expires at: 1747736588461
[debug] [2025-05-20T09:33:30.464Z] Checked if tokens are valid: true, expires at: 1747736588461
[debug] [2025-05-20T09:33:30.464Z] >>> [apiv2][query] POST https://cloudresourcemanager.googleapis.com/v1/projects/fgev-23d74:testIamPermissions [none]
[debug] [2025-05-20T09:33:30.464Z] >>> [apiv2][(partial)header] POST https://cloudresourcemanager.googleapis.com/v1/projects/fgev-23d74:testIamPermissions x-goog-quota-user=projects/fgev-23d74
[debug] [2025-05-20T09:33:30.464Z] >>> [apiv2][body] POST https://cloudresourcemanager.googleapis.com/v1/projects/fgev-23d74:testIamPermissions {"permissions":["firebase.projects.get"]}
[debug] [2025-05-20T09:33:31.822Z] <<< [apiv2][status] POST https://cloudresourcemanager.googleapis.com/v1/projects/fgev-23d74:testIamPermissions 200
[debug] [2025-05-20T09:33:31.822Z] <<< [apiv2][body] POST https://cloudresourcemanager.googleapis.com/v1/projects/fgev-23d74:testIamPermissions {"permissions":["firebase.projects.get"]}
[debug] [2025-05-20T09:33:31.822Z] Checked if tokens are valid: true, expires at: 1747736588461
[debug] [2025-05-20T09:33:31.822Z] Checked if tokens are valid: true, expires at: 1747736588461
[debug] [2025-05-20T09:33:31.823Z] Checked if tokens are valid: true, expires at: 1747736588461
[debug] [2025-05-20T09:33:31.823Z] Checked if tokens are valid: true, expires at: 1747736588461
[debug] [2025-05-20T09:33:31.823Z] >>> [apiv2][query] GET https://serviceusage.googleapis.com/v1/projects/fgev-23d74/services/cloudfunctions.googleapis.com [none]
[debug] [2025-05-20T09:33:31.823Z] >>> [apiv2][(partial)header] GET https://serviceusage.googleapis.com/v1/projects/fgev-23d74/services/cloudfunctions.googleapis.com x-goog-quota-user=projects/fgev-23d74
[debug] [2025-05-20T09:33:31.824Z] >>> [apiv2][query] GET https://serviceusage.googleapis.com/v1/projects/fgev-23d74/services/runtimeconfig.googleapis.com [none]
[debug] [2025-05-20T09:33:31.824Z] >>> [apiv2][(partial)header] GET https://serviceusage.googleapis.com/v1/projects/fgev-23d74/services/runtimeconfig.googleapis.com x-goog-quota-user=projects/fgev-23d74
[debug] [2025-05-20T09:33:33.536Z] <<< [apiv2][status] GET https://serviceusage.googleapis.com/v1/projects/fgev-23d74/services/runtimeconfig.googleapis.com 200
[debug] [2025-05-20T09:33:33.537Z] <<< [apiv2][body] GET https://serviceusage.googleapis.com/v1/projects/fgev-23d74/services/runtimeconfig.googleapis.com [omitted]
[debug] [2025-05-20T09:33:33.584Z] <<< [apiv2][status] GET https://serviceusage.googleapis.com/v1/projects/fgev-23d74/services/cloudfunctions.googleapis.com 200
[debug] [2025-05-20T09:33:33.584Z] <<< [apiv2][body] GET https://serviceusage.googleapis.com/v1/projects/fgev-23d74/services/cloudfunctions.googleapis.com [omitted]
[debug] [2025-05-20T09:33:33.584Z] Checked if tokens are valid: true, expires at: 1747736588461
[debug] [2025-05-20T09:33:33.584Z] Checked if tokens are valid: true, expires at: 1747736588461
[debug] [2025-05-20T09:33:33.584Z] >>> [apiv2][query] POST https://serviceusage.googleapis.com/v1/projects/fgev-23d74/services/cloudfunctions.googleapis.com:enable [none]
[debug] [2025-05-20T09:33:33.584Z] >>> [apiv2][(partial)header] POST https://serviceusage.googleapis.com/v1/projects/fgev-23d74/services/cloudfunctions.googleapis.com:enable x-goog-quota-user=projects/fgev-23d74
[debug] [2025-05-20T09:33:34.117Z] <<< [apiv2][status] POST https://serviceusage.googleapis.com/v1/projects/fgev-23d74/services/cloudfunctions.googleapis.com:enable 200
[debug] [2025-05-20T09:33:34.117Z] <<< [apiv2][body] POST https://serviceusage.googleapis.com/v1/projects/fgev-23d74/services/cloudfunctions.googleapis.com:enable [omitted]
[debug] [2025-05-20T09:33:44.125Z] Checked if tokens are valid: true, expires at: 1747736588461
[debug] [2025-05-20T09:33:44.125Z] Checked if tokens are valid: true, expires at: 1747736588461
[debug] [2025-05-20T09:33:44.125Z] >>> [apiv2][query] GET https://serviceusage.googleapis.com/v1/projects/fgev-23d74/services/cloudfunctions.googleapis.com [none]
[debug] [2025-05-20T09:33:44.125Z] >>> [apiv2][(partial)header] GET https://serviceusage.googleapis.com/v1/projects/fgev-23d74/services/cloudfunctions.googleapis.com x-goog-quota-user=projects/fgev-23d74
[debug] [2025-05-20T09:33:45.899Z] <<< [apiv2][status] GET https://serviceusage.googleapis.com/v1/projects/fgev-23d74/services/cloudfunctions.googleapis.com 200
[debug] [2025-05-20T09:33:45.900Z] <<< [apiv2][body] GET https://serviceusage.googleapis.com/v1/projects/fgev-23d74/services/cloudfunctions.googleapis.com [omitted]
[info] Let's create a new codebase for your functions.
[info] A directory corresponding to the codebase will be created in your project
[info] with sample code pre-configured.

[info] See https://firebase.google.com/docs/functions/organize-functions for
[info] more information on organizing your functions using codebases.

[info] Functions can be deployed with firebase deploy.

[info] +  Wrote functions/package.json 
[info] +  Wrote functions/.eslintrc.js 
[info] +  Wrote functions/tsconfig.json 
[info] +  Wrote functions/tsconfig.dev.json 
[info] +  Wrote functions/src/index.ts 
[info] +  Wrote functions/.gitignore 
[info] 
[info] i  genkit: Installing Genkit CLI version 1.9.0
 
[info] i  genkit: Installing NPM packages for genkit 
[info] +  genkit: Successfully installed NPM packages 
[info] i  genkit: Updating tsconfig.json 
[info] +  genkit: Successfully updated tsconfig.json 
[info] i  genkit: Updating package.json 
[info] +  genkit: Successfully updated package.json 
[info] i  genkit: Generating sample file 
[info] +  genkit: Successfully generated sample file (src/genkit-sample.ts) 
[info] 
[info] 
Login to Google Cloud using:
[info]     gcloud auth application-default login --project fgev-23d74

[info] Then start the Genkit developer experience by running:
[info]     cd functions && npm run genkit:start
[info] 
=== Functions Setup
[debug] [2025-05-20T09:39:57.867Z] > command requires scopes: ["email","openid","https://www.googleapis.com/auth/cloudplatformprojects.readonly","https://www.googleapis.com/auth/firebase","https://www.googleapis.com/auth/cloud-platform"]
[debug] [2025-05-20T09:39:57.867Z] > authorizing via signed-in user (n1964737@gmail.com)
[debug] [2025-05-20T09:39:57.867Z] [iam] checking project fgev-23d74 for permissions ["firebase.projects.get"]
[debug] [2025-05-20T09:39:57.867Z] Checked if tokens are valid: true, expires at: 1747736588461
[debug] [2025-05-20T09:39:57.867Z] Checked if tokens are valid: true, expires at: 1747736588461
[debug] [2025-05-20T09:39:57.868Z] >>> [apiv2][query] POST https://cloudresourcemanager.googleapis.com/v1/projects/fgev-23d74:testIamPermissions [none]
[debug] [2025-05-20T09:39:57.868Z] >>> [apiv2][(partial)header] POST https://cloudresourcemanager.googleapis.com/v1/projects/fgev-23d74:testIamPermissions x-goog-quota-user=projects/fgev-23d74
[debug] [2025-05-20T09:39:57.868Z] >>> [apiv2][body] POST https://cloudresourcemanager.googleapis.com/v1/projects/fgev-23d74:testIamPermissions {"permissions":["firebase.projects.get"]}
[debug] [2025-05-20T09:39:59.422Z] <<< [apiv2][status] POST https://cloudresourcemanager.googleapis.com/v1/projects/fgev-23d74:testIamPermissions 200
[debug] [2025-05-20T09:39:59.422Z] <<< [apiv2][body] POST https://cloudresourcemanager.googleapis.com/v1/projects/fgev-23d74:testIamPermissions {"permissions":["firebase.projects.get"]}
[debug] [2025-05-20T09:39:59.422Z] Checked if tokens are valid: true, expires at: 1747736588461
[debug] [2025-05-20T09:39:59.422Z] Checked if tokens are valid: true, expires at: 1747736588461
[debug] [2025-05-20T09:39:59.422Z] Checked if tokens are valid: true, expires at: 1747736588461
[debug] [2025-05-20T09:39:59.422Z] Checked if tokens are valid: true, expires at: 1747736588461
[debug] [2025-05-20T09:39:59.422Z] >>> [apiv2][query] GET https://serviceusage.googleapis.com/v1/projects/fgev-23d74/services/cloudfunctions.googleapis.com [none]
[debug] [2025-05-20T09:39:59.422Z] >>> [apiv2][(partial)header] GET https://serviceusage.googleapis.com/v1/projects/fgev-23d74/services/cloudfunctions.googleapis.com x-goog-quota-user=projects/fgev-23d74
[debug] [2025-05-20T09:39:59.424Z] >>> [apiv2][query] GET https://serviceusage.googleapis.com/v1/projects/fgev-23d74/services/runtimeconfig.googleapis.com [none]
[debug] [2025-05-20T09:39:59.424Z] >>> [apiv2][(partial)header] GET https://serviceusage.googleapis.com/v1/projects/fgev-23d74/services/runtimeconfig.googleapis.com x-goog-quota-user=projects/fgev-23d74
[debug] [2025-05-20T09:40:01.244Z] <<< [apiv2][status] GET https://serviceusage.googleapis.com/v1/projects/fgev-23d74/services/cloudfunctions.googleapis.com 200
[debug] [2025-05-20T09:40:01.244Z] <<< [apiv2][body] GET https://serviceusage.googleapis.com/v1/projects/fgev-23d74/services/cloudfunctions.googleapis.com [omitted]
[debug] [2025-05-20T09:40:01.244Z] <<< [apiv2][status] GET https://serviceusage.googleapis.com/v1/projects/fgev-23d74/services/runtimeconfig.googleapis.com 200
[debug] [2025-05-20T09:40:01.244Z] <<< [apiv2][body] GET https://serviceusage.googleapis.com/v1/projects/fgev-23d74/services/runtimeconfig.googleapis.com [omitted]
[info] 
Detected existing codebase(s): default

[info] Let's create a new codebase for your functions.
[info] A directory corresponding to the codebase will be created in your project
[info] with sample code pre-configured.

[info] See https://firebase.google.com/docs/functions/organize-functions for
[info] more information on organizing your functions using codebases.

[info] Functions can be deployed with firebase deploy.

[error] Invalid codebase name. Codebase must be less than 64 characters and can contain only lowercase letters, numeric characters, underscores, and dashes.
[error] Invalid codebase name. Codebase must be less than 64 characters and can contain only lowercase letters, numeric characters, underscores, and dashes.
[error] Invalid codebase name. Codebase must be less than 64 characters and can contain only lowercase letters, numeric characters, underscores, and dashes.
[error] Invalid codebase name. Codebase must be less than 64 characters and can contain only lowercase letters, numeric characters, underscores, and dashes.
[info] +  Wrote moise_firebase/package.json 
[info] +  Wrote moise_firebase/.eslintrc.js 
[info] +  Wrote moise_firebase/index.js 
[info] +  Wrote moise_firebase/.gitignore 
[info] 
=== Apphosting Setup
[debug] [2025-05-20T09:47:14.639Z] Checked if tokens are valid: true, expires at: 1747736588461
[debug] [2025-05-20T09:47:14.639Z] Checked if tokens are valid: true, expires at: 1747736588461
[debug] [2025-05-20T09:47:14.639Z] >>> [apiv2][query] GET https://cloudbilling.googleapis.com/v1/projects/fgev-23d74/billingInfo [none]
[debug] [2025-05-20T09:47:15.377Z] <<< [apiv2][status] GET https://cloudbilling.googleapis.com/v1/projects/fgev-23d74/billingInfo 200
[debug] [2025-05-20T09:47:15.378Z] <<< [apiv2][body] GET https://cloudbilling.googleapis.com/v1/projects/fgev-23d74/billingInfo {"name":"projects/fgev-23d74/billingInfo","projectId":"fgev-23d74","billingAccountName":"","billingEnabled":false}
[info] i  Writing default settings to apphosting.yaml... 
[info] +  Wrote apphosting.yaml 
[info] +  Create a new App Hosting backend with `firebase apphosting:backends:create` 
[info] 
=== Hosting Setup
[debug] [2025-05-20T09:47:15.388Z] Checked if tokens are valid: true, expires at: 1747736588461
[debug] [2025-05-20T09:47:15.388Z] Checked if tokens are valid: true, expires at: 1747736588461
[debug] [2025-05-20T09:47:15.388Z] >>> [apiv2][query] GET https://firebase.googleapis.com/v1beta1/projects/fgev-23d74 [none]
[debug] [2025-05-20T09:47:15.958Z] <<< [apiv2][status] GET https://firebase.googleapis.com/v1beta1/projects/fgev-23d74 200
[debug] [2025-05-20T09:47:15.958Z] <<< [apiv2][body] GET https://firebase.googleapis.com/v1beta1/projects/fgev-23d74 {"projectId":"fgev-23d74","projectNumber":"608670321215","displayName":"Fgev","name":"projects/fgev-23d74","resources":{"hostingSite":"fgev-23d74"},"state":"ACTIVE","etag":"1_53898531-746e-4761-b02c-c2528a4be408"}
[info] 
[info] Your public directory is the folder (relative to your project directory) that
[info] will contain Hosting assets to be uploaded with firebase deploy. If you
[info] have a build process for your assets, use your build's output directory.
[info] 
[info] +  Wrote public/404.html 
[debug] [2025-05-20T09:49:22.954Z] >>> [apiv2][query] GET https://www.gstatic.com/firebasejs/releases.json [none]
[debug] [2025-05-20T09:49:23.109Z] <<< [apiv2][status] GET https://www.gstatic.com/firebasejs/releases.json 200
[debug] [2025-05-20T09:49:23.110Z] <<< [apiv2][body] GET https://www.gstatic.com/firebasejs/releases.json {"current":{"version":"11.7.3","browserURL":"https://www.gstatic.com/firebasejs/11.7.3/firebase.js","packageURL":"https://www.gstatic.com/firebasejs/11.7.3/firebase.tgz"},"live":{"version":"11.7","browserURL":"https://www.gstatic.com/firebasejs/live/11.7/firebase.js","packageURL":"https://www.gstatic.com/firebasejs/live/11.7/firebase.tgz"},"components":{"analytics":"https://www.gstatic.com/firebasejs/11.7.3/firebase-analytics.js","app":"https://www.gstatic.com/firebasejs/11.7.3/firebase-app.js","app-check":"https://www.gstatic.com/firebasejs/11.7.3/firebase-app-check.js","auth":"https://www.gstatic.com/firebasejs/11.7.3/firebase-auth.js","auth/cordova":"https://www.gstatic.com/firebasejs/11.7.3/firebase-auth/cordova.js","auth/web-extension":"https://www.gstatic.com/firebasejs/11.7.3/firebase-auth/web-extension.js","functions":"https://www.gstatic.com/firebasejs/11.7.3/firebase-functions.js","firestore":"https://www.gstatic.com/firebasejs/11.7.3/firebase-firestore.js","firestore/lite":"https://www.gstatic.com/firebasejs/11.7.3/firebase-firestore/lite.js","installations":"https://www.gstatic.com/firebasejs/11.7.3/firebase-installations.js","storage":"https://www.gstatic.com/firebasejs/11.7.3/firebase-storage.js","performance":"https://www.gstatic.com/firebasejs/11.7.3/firebase-performance.js","remote-config":"https://www.gstatic.com/firebasejs/11.7.3/firebase-remote-config.js","messaging":"https://www.gstatic.com/firebasejs/11.7.3/firebase-messaging.js","messaging/sw":"https://www.gstatic.com/firebasejs/11.7.3/firebase-messaging/sw.js","database":"https://www.gstatic.com/firebasejs/11.7.3/firebase-database.js","vertexai":"https://www.gstatic.com/firebasejs/11.7.3/firebase-vertexai.js","data-connect":"https://www.gstatic.com/firebasejs/11.7.3/firebase-data-connect.js","firestore.memory":"https://www.gstatic.com/firebasejs/11.7.3/firebase-firestore.memory.js"}}
[info] +  Wrote public/index.html 
[info] 
[info] i  Didn't detect a .git folder. Assuming C:\Users\Moussa Dembele\Downloads\fgvej-website (7) is the project root. 
[info] i  Authorizing with GitHub to upload your service account to a GitHub repository's secrets store. 
[info] 
[info] Visit this URL on this device to log in:
[info] https://github.com/login/oauth/authorize?client_id=89cf50f02ac6aaed3484&state=189177640&redirect_uri=http%3A%2F%2Flocalhost%3A9005&scope=read%3Auser%20repo%20public_repo
[info] 
[info] Waiting for authentication...
[debug] [2025-05-20T09:51:36.098Z] >>> [apiv2][query] POST https://github.com/login/oauth/access_token [none]
[debug] [2025-05-20T09:51:36.098Z] >>> [apiv2][body] POST https://github.com/login/oauth/access_token [stream]
[debug] [2025-05-20T09:51:36.518Z] <<< [apiv2][status] POST https://github.com/login/oauth/access_token 200
[debug] [2025-05-20T09:51:36.518Z] <<< [apiv2][body] POST https://github.com/login/oauth/access_token {"access_token":"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","token_type":"bearer","scope":"read:user,repo"}
[debug] [2025-05-20T09:51:36.531Z] >>> [apiv2][query] GET https://api.github.com/user [none]
[debug] [2025-05-20T09:51:36.893Z] <<< [apiv2][status] GET https://api.github.com/user 200
[debug] [2025-05-20T09:51:36.894Z] <<< [apiv2][body] GET https://api.github.com/user {"login":"Moussa7553","id":171934123,"node_id":"U_kgDOCj-Bqw","avatar_url":"https://avatars.githubusercontent.com/u/171934123?v=4","gravatar_id":"","url":"https://api.github.com/users/Moussa7553","html_url":"https://github.com/Moussa7553","followers_url":"https://api.github.com/users/Moussa7553/followers","following_url":"https://api.github.com/users/Moussa7553/following{/other_user}","gists_url":"https://api.github.com/users/Moussa7553/gists{/gist_id}","starred_url":"https://api.github.com/users/Moussa7553/starred{/owner}{/repo}","subscriptions_url":"https://api.github.com/users/Moussa7553/subscriptions","organizations_url":"https://api.github.com/users/Moussa7553/orgs","repos_url":"https://api.github.com/users/Moussa7553/repos","events_url":"https://api.github.com/users/Moussa7553/events{/privacy}","received_events_url":"https://api.github.com/users/Moussa7553/received_events","type":"User","user_view_type":"private","site_admin":false,"name":null,"company":null,"blog":"","location":null,"email":null,"hireable":null,"bio":null,"twitter_username":null,"notification_email":null,"public_repos":12,"public_gists":0,"followers":0,"following":0,"created_at":"2024-06-06T11:35:34Z","updated_at":"2025-05-20T09:50:19Z","private_gists":0,"total_private_repos":1,"owned_private_repos":1,"disk_usage":4122,"collaborators":0,"two_factor_authentication":false,"plan":{"name":"free","space":976562499,"collaborators":0,"private_repos":10000}}
[info] 
[info] +  Success! Logged into GitHub as Moussa7553 
[info] 
[debug] [2025-05-20T09:52:21.431Z] >>> [apiv2][query] GET https://api.github.com/repos//actions/secrets/public-key type=owner
[debug] [2025-05-20T09:52:21.748Z] <<< [apiv2][status] GET https://api.github.com/repos//actions/secrets/public-key 404
[debug] [2025-05-20T09:52:21.748Z] <<< [apiv2][body] GET https://api.github.com/repos//actions/secrets/public-key {"message":"Not Found","documentation_url":"https://docs.github.com/rest","status":"404"}
[info] 
[info] 
[error] !  The provided authorization cannot be used with this repository. If this repository is in an organization, did you remember to grant access? 
[info] 
[info] i  Action required: Visit this URL to ensure access has been granted to the appropriate organization(s) for the Firebase CLI GitHub OAuth App: 
[info] https://github.com/settings/connections/applications/89cf50f02ac6aaed3484
[info] 
[debug] [2025-05-20T09:53:20.834Z] >>> [apiv2][query] GET https://api.github.com/repos/user/actions/secrets/public-key type=owner
[debug] [2025-05-20T09:53:21.184Z] <<< [apiv2][status] GET https://api.github.com/repos/user/actions/secrets/public-key 404
[debug] [2025-05-20T09:53:21.184Z] <<< [apiv2][body] GET https://api.github.com/repos/user/actions/secrets/public-key {"message":"Not Found","documentation_url":"https://docs.github.com/rest","status":"404"}
[info] 
[info] 
[error] !  The provided authorization cannot be used with this repository. If this repository is in an organization, did you remember to grant access? 
[info] 
[info] i  Action required: Visit this URL to ensure access has been granted to the appropriate organization(s) for the Firebase CLI GitHub OAuth App: 
[info] https://github.com/settings/connections/applications/89cf50f02ac6aaed3484
[info] 
[debug] [2025-05-20T10:18:00.836Z] >>> [apiv2][query] GET https://api.github.com/repos/firebase init hosting:github/actions/secrets/public-key type=owner
[debug] [2025-05-20T10:18:01.205Z] <<< [apiv2][status] GET https://api.github.com/repos/firebase init hosting:github/actions/secrets/public-key 404
[debug] [2025-05-20T10:18:01.205Z] <<< [apiv2][body] GET https://api.github.com/repos/firebase init hosting:github/actions/secrets/public-key {"message":"Not Found","documentation_url":"https://docs.github.com/rest","status":"404"}
[info] 
[info] 
[error] !  The provided authorization cannot be used with this repository. If this repository is in an organization, did you remember to grant access? 
[info] 
[info] i  Action required: Visit this URL to ensure access has been granted to the appropriate organization(s) for the Firebase CLI GitHub OAuth App: 
[info] https://github.com/settings/connections/applications/89cf50f02ac6aaed3484
[info] 
[debug] [2025-05-20T10:21:11.026Z] >>> [apiv2][query] GET https://api.github.com/repos/y/actions/secrets/public-key type=owner
[debug] [2025-05-20T10:21:11.412Z] <<< [apiv2][status] GET https://api.github.com/repos/y/actions/secrets/public-key 404
[debug] [2025-05-20T10:21:11.412Z] <<< [apiv2][body] GET https://api.github.com/repos/y/actions/secrets/public-key {"message":"Not Found","documentation_url":"https://docs.github.com/rest","status":"404"}
[info] 
[info] 
[error] !  The provided authorization cannot be used with this repository. If this repository is in an organization, did you remember to grant access? 
[info] 
[info] i  Action required: Visit this URL to ensure access has been granted to the appropriate organization(s) for the Firebase CLI GitHub OAuth App: 
[info] https://github.com/settings/connections/applications/89cf50f02ac6aaed3484
[info] 
[debug] [2025-05-20T10:21:15.747Z] >>> [apiv2][query] GET https://api.github.com/repos/y/actions/secrets/public-key type=owner
[debug] [2025-05-20T10:21:16.044Z] <<< [apiv2][status] GET https://api.github.com/repos/y/actions/secrets/public-key 404
[debug] [2025-05-20T10:21:16.044Z] <<< [apiv2][body] GET https://api.github.com/repos/y/actions/secrets/public-key {"message":"Not Found","documentation_url":"https://docs.github.com/rest","status":"404"}
[info] 
[info] 
[error] !  The provided authorization cannot be used with this repository. If this repository is in an organization, did you remember to grant access? 
[info] 
[info] i  Action required: Visit this URL to ensure access has been granted to the appropriate organization(s) for the Firebase CLI GitHub OAuth App: 
[info] https://github.com/settings/connections/applications/89cf50f02ac6aaed3484
[info] 
[debug] [2025-05-20T10:21:20.259Z] >>> [apiv2][query] GET https://api.github.com/repos//actions/secrets/public-key type=owner
[debug] [2025-05-20T10:21:20.520Z] <<< [apiv2][status] GET https://api.github.com/repos//actions/secrets/public-key 404
[debug] [2025-05-20T10:21:20.520Z] <<< [apiv2][body] GET https://api.github.com/repos//actions/secrets/public-key {"message":"Not Found","documentation_url":"https://docs.github.com/rest","status":"404"}
[info] 
[info] 
[error] !  The provided authorization cannot be used with this repository. If this repository is in an organization, did you remember to grant access? 
[info] 
[info] i  Action required: Visit this URL to ensure access has been granted to the appropriate organization(s) for the Firebase CLI GitHub OAuth App: 
[info] https://github.com/settings/connections/applications/89cf50f02ac6aaed3484
[info] 
[debug] [2025-05-20T10:22:37.583Z] >>> [apiv2][query] GET https://api.github.com/repos/Moise/actions/secrets/public-key type=owner
[debug] [2025-05-20T10:22:37.995Z] <<< [apiv2][status] GET https://api.github.com/repos/Moise/actions/secrets/public-key 404
[debug] [2025-05-20T10:22:37.995Z] <<< [apiv2][body] GET https://api.github.com/repos/Moise/actions/secrets/public-key {"message":"Not Found","documentation_url":"https://docs.github.com/rest","status":"404"}
[info] 
[info] 
[error] !  The provided authorization cannot be used with this repository. If this repository is in an organization, did you remember to grant access? 
[info] 
[info] i  Action required: Visit this URL to ensure access has been granted to the appropriate organization(s) for the Firebase CLI GitHub OAuth App: 
[info] https://github.com/settings/connections/applications/89cf50f02ac6aaed3484
[info] 
[debug] [2025-05-20T10:22:39.182Z] >>> [apiv2][query] GET https://api.github.com/repos/Moise/actions/secrets/public-key type=owner
[debug] [2025-05-20T10:22:39.453Z] <<< [apiv2][status] GET https://api.github.com/repos/Moise/actions/secrets/public-key 404
[debug] [2025-05-20T10:22:39.454Z] <<< [apiv2][body] GET https://api.github.com/repos/Moise/actions/secrets/public-key {"message":"Not Found","documentation_url":"https://docs.github.com/rest","status":"404"}
[info] 
[info] 
[error] !  The provided authorization cannot be used with this repository. If this repository is in an organization, did you remember to grant access? 
[info] 
[info] i  Action required: Visit this URL to ensure access has been granted to the appropriate organization(s) for the Firebase CLI GitHub OAuth App: 
[info] https://github.com/settings/connections/applications/89cf50f02ac6aaed3484
[info] 
[debug] [2025-05-20T10:22:40.577Z] >>> [apiv2][query] GET https://api.github.com/repos/Moise/actions/secrets/public-key type=owner
[debug] [2025-05-20T10:22:40.899Z] <<< [apiv2][status] GET https://api.github.com/repos/Moise/actions/secrets/public-key 404
[debug] [2025-05-20T10:22:40.899Z] <<< [apiv2][body] GET https://api.github.com/repos/Moise/actions/secrets/public-key {"message":"Not Found","documentation_url":"https://docs.github.com/rest","status":"404"}
[info] 
[info] 
[error] !  The provided authorization cannot be used with this repository. If this repository is in an organization, did you remember to grant access? 
[info] 
[info] i  Action required: Visit this URL to ensure access has been granted to the appropriate organization(s) for the Firebase CLI GitHub OAuth App: 
[info] https://github.com/settings/connections/applications/89cf50f02ac6aaed3484
[info] 
